STAR version=STAR_2.4.0j
STAR compilation time,server,dir=Wed Feb 4 18:15:30 EST 2015 modena.cshl.edu:/sonas-hs/gingeras/nlsas_norepl/user/dobin/STAR/Releases/STAR_2.4.0j/source
##### DEFAULT parameters:
versionSTAR                       20201
versionGenome                     20101   20200   
parametersFiles                   -   
sysShell                          -
runMode                           alignReads
runThreadN                        1
genomeDir                         ./GenomeDir/
genomeLoad                        NoSharedMemory
genomeFastaFiles                  -   
genomeSAindexNbases               14
genomeChrBinNbits                 18
genomeSAsparseD                   1
readFilesIn                       Read1   Read2   
readFilesCommand                  -   
readMatesLengthsIn                NotEqual
readMapNumber                     18446744073709551615
inputBAMfile                      -
bamRemoveDuplicatesType           -
bamRemoveDuplicatesMate2basesN    0
limitGenomeGenerateRAM            31000000000
limitIObufferSize                 150000000
limitOutSAMoneReadBytes           100000
limitOutSJcollapsed               1000000
limitOutSJoneRead                 1000
limitBAMsortRAM                   0
outFileNamePrefix                 ./
outTmpDir                         -
outReadsUnmapped                  None
outQSconversionAdd                0
outSAMtype                        SAM   
outSAMmode                        Full
outSAMstrandField                 None
outSAMattributes                  Standard   
outSAMunmapped                    None
outSAMorder                       Paired
outSAMprimaryFlag                 OneBestScore
outSAMreadID                      Standard
outSAMmapqUnique                  255
outSAMflagOR                      0
outSAMflagAND                     65535
outSAMattrRGline                  -   
outSAMheaderHD                    -   
outSAMheaderPG                    -   
outSAMheaderCommentFile           -
outBAMcompression                 1
outBAMsortingThreadN              0
outSJfilterReads                  All
outSJfilterCountUniqueMin         3   1   1   1   
outSJfilterCountTotalMin          3   1   1   1   
outSJfilterOverhangMin            30   12   12   12   
outSJfilterDistToOtherSJmin       10   0   5   10   
outSJfilterIntronMaxVsReadN       50000   100000   200000   
outWigType                        None   
outWigStrand                      Stranded   
outWigReferencesPrefix            -
outWigNorm                        RPM   
outFilterType                     Normal
outFilterMultimapNmax             10
outFilterMultimapScoreRange       1
outFilterScoreMin                 0
outFilterScoreMinOverLread        0.66
outFilterMatchNmin                0
outFilterMatchNminOverLread       0.66
outFilterMismatchNmax             10
outFilterMismatchNoverLmax        0.3
outFilterMismatchNoverReadLmax    1
outFilterIntronMotifs             None
clip5pNbases                      0   
clip3pNbases                      0   
clip3pAfterAdapterNbases          0   
clip3pAdapterSeq                  -   
clip3pAdapterMMp                  0.1   
winBinNbits                       16
winAnchorDistNbins                9
winFlankNbins                     4
winAnchorMultimapNmax             50
scoreGap                          0
scoreGapNoncan                    -8
scoreGapGCAG                      -4
scoreGapATAC                      -8
scoreStitchSJshift                1
scoreGenomicLengthLog2scale       -0.25
scoreDelBase                      -2
scoreDelOpen                      -2
scoreInsOpen                      -2
scoreInsBase                      -2
seedSearchLmax                    0
seedSearchStartLmax               50
seedSearchStartLmaxOverLread      1
seedPerReadNmax                   1000
seedPerWindowNmax                 50
seedNoneLociPerWindow             10
seedMultimapNmax                  10000
alignIntronMin                    21
alignIntronMax                    0
alignMatesGapMax                  0
alignTranscriptsPerReadNmax       10000
alignSJoverhangMin                5
alignSJDBoverhangMin              3
alignSplicedMateMapLmin           0
alignSplicedMateMapLminOverLmate    0.66
alignWindowsPerReadNmax           10000
alignTranscriptsPerWindowNmax     100
alignEndsType                     Local
alignSoftClipAtReferenceEnds      Yes
chimSegmentMin                    0
chimScoreMin                      0
chimScoreDropMax                  20
chimScoreSeparation               10
chimScoreJunctionNonGTAG          -1
chimJunctionOverhangMin           20
sjdbFileChrStartEnd               -   
sjdbGTFfile                       -
sjdbGTFchrPrefix                  -
sjdbGTFfeatureExon                exon
sjdbGTFtagExonParentTranscript    transcript_id
sjdbGTFtagExonParentGene          gene_id
sjdbOverhang                      0
sjdbScore                         2
quantMode                         -   
quantTranscriptomeBAMcompression    1
twopass1readsN                    0
twopassSJlimit                    1000000
##### Command Line:
STAR --runThreadN 1 --genomeDir genomeDir --readFilesIn test1_1.fastq.gz test1_2.fastq.gz --outSAMunmapped Within --outFilterType BySJout --outSAMattributes NH HI AS NM MD --outFilterMultimapNmax 10 --outFilterMismatchNmax 999 --outFilterMismatchNoverReadLmax 0.04 --alignIntronMin 20 --alignIntronMax 1000000 --alignMatesGapMax 1000000 --alignSJoverhangMin 8 --alignSJDBoverhangMin 1 --readFilesCommand pigz -p1 -dc --outSAMtype BAM Unsorted --outStd BAM_Unsorted --quantMode TranscriptomeSAM --outSAMattrRGline ID:test1 PU:test1 SM:sample1
##### Initial USER parameters from Command Line:
outStd                            BAM_Unsorted
###### All USER parameters from Command Line:
runThreadN                    1     ~RE-DEFINED
genomeDir                     genomeDir     ~RE-DEFINED
readFilesIn                   test1_1.fastq.gz   test1_2.fastq.gz        ~RE-DEFINED
outSAMunmapped                Within     ~RE-DEFINED
outFilterType                 BySJout     ~RE-DEFINED
outSAMattributes              NH   HI   AS   NM   MD        ~RE-DEFINED
outFilterMultimapNmax         10     ~RE-DEFINED
outFilterMismatchNmax         999     ~RE-DEFINED
outFilterMismatchNoverReadLmax0.04     ~RE-DEFINED
alignIntronMin                20     ~RE-DEFINED
alignIntronMax                1000000     ~RE-DEFINED
alignMatesGapMax              1000000     ~RE-DEFINED
alignSJoverhangMin            8     ~RE-DEFINED
alignSJDBoverhangMin          1     ~RE-DEFINED
readFilesCommand              pigz   -p1   -dc        ~RE-DEFINED
outSAMtype                    BAM   Unsorted        ~RE-DEFINED
outStd                        BAM_Unsorted     ~RE-DEFINED
quantMode                     TranscriptomeSAM        ~RE-DEFINED
outSAMattrRGline              ID:test1   PU:test1   SM:sample1        ~RE-DEFINED
##### Finished reading parameters from all sources

##### Final user re-defined parameters-----------------:
runThreadN                        1
genomeDir                         genomeDir
readFilesIn                       test1_1.fastq.gz   test1_2.fastq.gz   
readFilesCommand                  pigz   -p1   -dc   
outStd                            BAM_Unsorted
outSAMtype                        BAM   Unsorted   
outSAMattributes                  NH   HI   AS   NM   MD   
outSAMunmapped                    Within
outSAMattrRGline                  ID:test1   PU:test1   SM:sample1   
outFilterType                     BySJout
outFilterMultimapNmax             10
outFilterMismatchNmax             999
outFilterMismatchNoverReadLmax    0.04
alignIntronMin                    20
alignIntronMax                    1000000
alignMatesGapMax                  1000000
alignSJoverhangMin                8
alignSJDBoverhangMin              1
quantMode                         TranscriptomeSAM   

-------------------------------
##### Final effective command line:
STAR   --runThreadN 1   --genomeDir genomeDir   --readFilesIn test1_1.fastq.gz   test1_2.fastq.gz      --readFilesCommand pigz   -p1   -dc      --outStd BAM_Unsorted   --outSAMtype BAM   Unsorted      --outSAMattributes NH   HI   AS   NM   MD      --outSAMunmapped Within   --outSAMattrRGline ID:test1   PU:test1   SM:sample1      --outFilterType BySJout   --outFilterMultimapNmax 10   --outFilterMismatchNmax 999   --outFilterMismatchNoverReadLmax 0.04   --alignIntronMin 20   --alignIntronMax 1000000   --alignMatesGapMax 1000000   --alignSJoverhangMin 8   --alignSJDBoverhangMin 1   --quantMode TranscriptomeSAM   

##### Final parameters after user input--------------------------------:
versionSTAR                       20201
versionGenome                     20101   20200   
parametersFiles                   -   
sysShell                          -
runMode                           alignReads
runThreadN                        1
genomeDir                         genomeDir
genomeLoad                        NoSharedMemory
genomeFastaFiles                  -   
genomeSAindexNbases               14
genomeChrBinNbits                 18
genomeSAsparseD                   1
readFilesIn                       test1_1.fastq.gz   test1_2.fastq.gz   
readFilesCommand                  pigz   -p1   -dc   
readMatesLengthsIn                NotEqual
readMapNumber                     18446744073709551615
inputBAMfile                      -
bamRemoveDuplicatesType           -
bamRemoveDuplicatesMate2basesN    0
limitGenomeGenerateRAM            31000000000
limitIObufferSize                 150000000
limitOutSAMoneReadBytes           100000
limitOutSJcollapsed               1000000
limitOutSJoneRead                 1000
limitBAMsortRAM                   0
outFileNamePrefix                 ./
outTmpDir                         -
outStd                            BAM_Unsorted
outReadsUnmapped                  None
outQSconversionAdd                0
outSAMtype                        BAM   Unsorted   
outSAMmode                        Full
outSAMstrandField                 None
outSAMattributes                  NH   HI   AS   NM   MD   
outSAMunmapped                    Within
outSAMorder                       Paired
outSAMprimaryFlag                 OneBestScore
outSAMreadID                      Standard
outSAMmapqUnique                  255
outSAMflagOR                      0
outSAMflagAND                     65535
outSAMattrRGline                  ID:test1   PU:test1   SM:sample1   
outSAMheaderHD                    -   
outSAMheaderPG                    -   
outSAMheaderCommentFile           -
outBAMcompression                 1
outBAMsortingThreadN              0
outSJfilterReads                  All
outSJfilterCountUniqueMin         3   1   1   1   
outSJfilterCountTotalMin          3   1   1   1   
outSJfilterOverhangMin            30   12   12   12   
outSJfilterDistToOtherSJmin       10   0   5   10   
outSJfilterIntronMaxVsReadN       50000   100000   200000   
outWigType                        None   
outWigStrand                      Stranded   
outWigReferencesPrefix            -
outWigNorm                        RPM   
outFilterType                     BySJout
outFilterMultimapNmax             10
outFilterMultimapScoreRange       1
outFilterScoreMin                 0
outFilterScoreMinOverLread        0.66
outFilterMatchNmin                0
outFilterMatchNminOverLread       0.66
outFilterMismatchNmax             999
outFilterMismatchNoverLmax        0.3
outFilterMismatchNoverReadLmax    0.04
outFilterIntronMotifs             None
clip5pNbases                      0   
clip3pNbases                      0   
clip3pAfterAdapterNbases          0   
clip3pAdapterSeq                  -   
clip3pAdapterMMp                  0.1   
winBinNbits                       16
winAnchorDistNbins                9
winFlankNbins                     4
winAnchorMultimapNmax             50
scoreGap                          0
scoreGapNoncan                    -8
scoreGapGCAG                      -4
scoreGapATAC                      -8
scoreStitchSJshift                1
scoreGenomicLengthLog2scale       -0.25
scoreDelBase                      -2
scoreDelOpen                      -2
scoreInsOpen                      -2
scoreInsBase                      -2
seedSearchLmax                    0
seedSearchStartLmax               50
seedSearchStartLmaxOverLread      1
seedPerReadNmax                   1000
seedPerWindowNmax                 50
seedNoneLociPerWindow             10
seedMultimapNmax                  10000
alignIntronMin                    20
alignIntronMax                    1000000
alignMatesGapMax                  1000000
alignTranscriptsPerReadNmax       10000
alignSJoverhangMin                8
alignSJDBoverhangMin              1
alignSplicedMateMapLmin           0
alignSplicedMateMapLminOverLmate    0.66
alignWindowsPerReadNmax           10000
alignTranscriptsPerWindowNmax     100
alignEndsType                     Local
alignSoftClipAtReferenceEnds      Yes
chimSegmentMin                    0
chimScoreMin                      0
chimScoreDropMax                  20
chimScoreSeparation               10
chimScoreJunctionNonGTAG          -1
chimJunctionOverhangMin           20
sjdbFileChrStartEnd               -   
sjdbGTFfile                       -
sjdbGTFchrPrefix                  -
sjdbGTFfeatureExon                exon
sjdbGTFtagExonParentTranscript    transcript_id
sjdbGTFtagExonParentGene          gene_id
sjdbOverhang                      0
sjdbScore                         2
quantMode                         TranscriptomeSAM   
quantTranscriptomeBAMcompression    1
twopass1readsN                    0
twopassSJlimit                    1000000
----------------------------------------


   Input read files for mate 1, from input string test1_1.fastq.gz
-rw-r--r-- 1 puranach G200 59909 Mar 26 11:32 test1_1.fastq.gz

   readsCommandsFile:
exec > "./_STARtmp/tmp.fifo.read1"
echo FILE 0
pigz   -p1   -dc      "test1_1.fastq.gz"


   Input read files for mate 2, from input string test1_2.fastq.gz
-rw-r--r-- 1 puranach G200 60703 Mar 26 11:32 test1_2.fastq.gz

   readsCommandsFile:
exec > "./_STARtmp/tmp.fifo.read2"
echo FILE 0
pigz   -p1   -dc      "test1_2.fastq.gz"

WARNING --outSAMattrRG defines a read group, therefore STAR will output RG attribute
Finished loading and checking parameters
Reading genome generation parameters:
versionGenome                 20201        ~RE-DEFINED
genomeFastaFiles              genome.fa        ~RE-DEFINED
genomeSAindexNbases           14     ~RE-DEFINED
genomeChrBinNbits             18     ~RE-DEFINED
genomeSAsparseD               1     ~RE-DEFINED
sjdbOverhang                  100     ~RE-DEFINED
sjdbFileChrStartEnd           -        ~RE-DEFINED
sjdbGTFfile                   annotation.gtf     ~RE-DEFINED
sjdbGTFchrPrefix              -     ~RE-DEFINED
sjdbGTFfeatureExon            exon     ~RE-DEFINED
sjdbGTFtagExonParentTranscripttranscript_id     ~RE-DEFINED
sjdbGTFtagExonParentGene      gene_id     ~RE-DEFINED
Genome version is compatible with current STAR version
Started loading the genome: Mon Mar 26 14:00:29 2018

Read from SAindex: genomeSAindexNbases=14  nSAi=357913940
Genome file size: 1752156 bytes; state: good=1 eof=0 fail=0 bad=0
SA file size: 12623796 bytes; state: good=1 eof=0 fail=0 bad=0
nGenome=1752156;  nSAbyte=12623796
GstrandBit=32   SA number of indices=3060314
Shared memory is not used for genomes. Allocated a private copy of the genome.
Genome file size: 1752156 bytes; state: good=1 eof=0 fail=0 bad=0
Loading Genome ... done! state: good=1 eof=0 fail=0 bad=0; loaded 1752156 bytes
SA file size: 12623796 bytes; state: good=1 eof=0 fail=0 bad=0
Loading SA ... done! state: good=1 eof=0 fail=0 bad=0; loaded 12623796 bytes
Loading SAindex ... done: 1565873616 bytes
Finished loading the genome: Mon Mar 26 14:00:31 2018

Number of real (reference) chromosmes= 1
1	chr4	1351857	0
Processing splice junctions database sjdbN=892,   sjdbOverhang=100 
To accomodate alignIntronMax=1000000 redefined winBinNbits=18
To accomodate alignIntronMax=1000000 and alignMatesGapMax=1000000, redefined winFlankNbins=4 and winAnchorDistNbins=8
Loaded transcript database, nTr=319
Loaded exon database, nEx=2970
Opening the file: ./_STARtmp//FilterBySJoutFiles.mate1.thread0 ... ok
Opening the file: ./_STARtmp//FilterBySJoutFiles.mate2.thread0 ... ok
Starting to map file # 0
mate 1:   test1_1.fastq.gz
mate 2:   test1_2.fastq.gz
Thread #0 end of input stream, nextChar=-1
Completed: thread #0
Completed stage 1 mapping of outFilterBySJout mapping
Detected 14 novel junctions that passed filtering, will proceed to filter reads that contained unannotated junctions
Completed: thread #0
--genomeLoad=NoSharedMemory .
ALL DONE!
