Apr-03 10:49:51.561 [main] DEBUG nextflow.cli.Launcher - Setting http proxy: [tbi-pbs, 3128]
Apr-03 10:49:51.643 [main] DEBUG nextflow.cli.Launcher - Setting https proxy: [tbi-pbs, 3128]
Apr-03 10:49:51.644 [main] DEBUG nextflow.cli.Launcher - $> /home/puranach/envs/grape-nf3/bin/nextflow run -without-docker -w work grape-nf --index /home/puranach/envs/grape-nf3/share/nextflow/assets/guigolab/grape-nf/test-index.txt --genome /home/puranach/envs/grape-nf3/share/nextflow/assets/guigolab/grape-nf/data/genome.fa --annotation /home/puranach/envs/grape-nf3/share/nextflow/assets/guigolab/grape-nf/data/annotation.gtf
Apr-03 10:49:51.763 [main] INFO  nextflow.cli.CmdRun - N E X T F L O W  ~  version 0.28.0
Apr-03 10:49:51.921 [main] DEBUG nextflow.scm.AssetManager - Listing projects in folder: /home/puranach/envs/grape-nf3/share/nextflow/assets
Apr-03 10:49:52.524 [main] DEBUG nextflow.scm.AssetManager - Git config: /home/puranach/envs/grape-nf3/share/nextflow/assets/guigolab/grape-nf/.git/config; branch: master; remote: origin; url: https://github.com/guigolab/grape-nf.git
Apr-03 10:49:52.680 [main] DEBUG nextflow.scm.AssetManager - Git config: /home/puranach/envs/grape-nf3/share/nextflow/assets/guigolab/grape-nf/.git/config; branch: master; remote: origin; url: https://github.com/guigolab/grape-nf.git
Apr-03 10:49:53.235 [main] DEBUG nextflow.scm.AssetManager - Git config: /home/puranach/envs/grape-nf3/share/nextflow/assets/guigolab/grape-nf/.git/config; branch: master; remote: origin; url: https://github.com/guigolab/grape-nf.git
Apr-03 10:49:53.236 [main] INFO  nextflow.cli.CmdRun - Launching `guigolab/grape-nf` [grave_dubinsky] - revision: 75ffd8da0a [master]
Apr-03 10:49:54.815 [main] DEBUG nextflow.config.ConfigBuilder - Found config base: /home/puranach/envs/grape-nf3/share/nextflow/assets/guigolab/grape-nf/nextflow.config
Apr-03 10:49:54.825 [main] DEBUG nextflow.config.ConfigBuilder - Parsing config file: /home/puranach/envs/grape-nf3/share/nextflow/assets/guigolab/grape-nf/nextflow.config
Apr-03 10:49:54.839 [main] DEBUG nextflow.config.ConfigBuilder - Applying config profile: `standard`
Apr-03 10:49:55.454 [main] DEBUG nextflow.config.ConfigBuilder - Disabling execution in Docker contained as requested by cli option `-without-docker`
Apr-03 10:49:55.494 [main] DEBUG nextflow.Session - Session uuid: c67d9588-4231-444d-8126-ada5e8971ed4
Apr-03 10:49:55.494 [main] DEBUG nextflow.Session - Run name: grave_dubinsky
Apr-03 10:49:55.496 [main] DEBUG nextflow.Session - Executor pool size: 32
Apr-03 10:49:55.518 [main] DEBUG nextflow.cli.CmdRun - 
  Version: 0.28.0 build 4779
  Modified: 10-03-2018 12:13 UTC (13:13 CEST)
  System: Linux 3.12.62-55-default
  Runtime: Groovy 2.4.13 on Java HotSpot(TM) 64-Bit Server VM 1.8.0_161-b12
  Encoding: UTF-8 (UTF-8)
  Process: 7912@tbi-worker [193.174.51.240]
  CPUs: 32 - Mem: 252.5 GB (3.4 GB) - Swap: 32 GB (319 MB)
Apr-03 10:49:55.548 [main] DEBUG nextflow.Session - Work-dir: /abi/data/puranach/packages/test_grape/work [nfs]
Apr-03 10:49:55.772 [main] DEBUG nextflow.Session - Session start invoked
Apr-03 10:49:55.778 [main] DEBUG nextflow.processor.TaskDispatcher - Dispatcher > start
Apr-03 10:49:55.779 [main] DEBUG nextflow.trace.TraceFileObserver - Flow starting -- trace file: /abi/data/puranach/packages/test_grape/trace.txt
Apr-03 10:49:55.796 [main] DEBUG nextflow.script.ScriptRunner - > Script parsing
Apr-03 10:49:55.848 [main] DEBUG nextflow.script.ScriptRunner - Unable to resolve dynamic `container` directive -- cause: No signature of method: groovy.util.ConfigObject.toLowerCase() is applicable for argument types: () values: []
Apr-03 10:49:55.854 [main] DEBUG nextflow.script.ScriptRunner - Unable to resolve dynamic `container` directive -- cause: No signature of method: groovy.util.ConfigObject.toLowerCase() is applicable for argument types: () values: []
Apr-03 10:49:55.860 [main] DEBUG nextflow.script.ScriptRunner - Unable to resolve dynamic `container` directive -- cause: No signature of method: groovy.util.ConfigObject.toLowerCase() is applicable for argument types: () values: []
Apr-03 10:49:55.865 [main] DEBUG nextflow.script.ScriptRunner - Unable to resolve dynamic `container` directive -- cause: No signature of method: groovy.util.ConfigObject.toLowerCase() is applicable for argument types: () values: []
Apr-03 10:49:56.489 [main] DEBUG nextflow.script.ScriptRunner - > Launching execution
Apr-03 10:49:56.528 [main] INFO  nextflow.Nextflow - 
Apr-03 10:49:56.529 [main] INFO  nextflow.Nextflow - G R A P E ~ RNA-seq Pipeline
Apr-03 10:49:56.529 [main] INFO  nextflow.Nextflow - 
Apr-03 10:49:56.529 [main] INFO  nextflow.Nextflow - General parameters
Apr-03 10:49:56.529 [main] INFO  nextflow.Nextflow - ------------------
Apr-03 10:49:56.530 [main] INFO  nextflow.Nextflow - Index file                      : /home/puranach/envs/grape-nf3/share/nextflow/assets/guigolab/grape-nf/test-index.txt
Apr-03 10:49:56.530 [main] INFO  nextflow.Nextflow - Genome                          : /home/puranach/envs/grape-nf3/share/nextflow/assets/guigolab/grape-nf/data/genome.fa
Apr-03 10:49:56.530 [main] INFO  nextflow.Nextflow - Annotation                      : /home/puranach/envs/grape-nf3/share/nextflow/assets/guigolab/grape-nf/data/annotation.gtf
Apr-03 10:49:56.530 [main] INFO  nextflow.Nextflow - Pipeline steps                  : mapping bigwig contig quantification
Apr-03 10:49:56.530 [main] INFO  nextflow.Nextflow - 
Apr-03 10:49:56.530 [main] INFO  nextflow.Nextflow - Mapping parameters
Apr-03 10:49:56.531 [main] INFO  nextflow.Nextflow - ------------------
Apr-03 10:49:56.531 [main] INFO  nextflow.Nextflow - Tool                            : STAR 2.4.0j
Apr-03 10:49:56.531 [main] INFO  nextflow.Nextflow - Max mismatches                  : 4
Apr-03 10:49:56.531 [main] INFO  nextflow.Nextflow - Max multimaps                   : 10
Apr-03 10:49:56.532 [main] INFO  nextflow.Nextflow - 
Apr-03 10:49:56.532 [main] INFO  nextflow.Nextflow - Bigwig parameters
Apr-03 10:49:56.532 [main] INFO  nextflow.Nextflow - -----------------
Apr-03 10:49:56.533 [main] INFO  nextflow.Nextflow - Tool                            : STAR 2.4.0j
Apr-03 10:49:56.533 [main] INFO  nextflow.Nextflow - References prefix               : chr
Apr-03 10:49:56.533 [main] INFO  nextflow.Nextflow - 
Apr-03 10:49:56.533 [main] INFO  nextflow.Nextflow - Quantification parameters
Apr-03 10:49:56.533 [main] INFO  nextflow.Nextflow - -------------------------
Apr-03 10:49:56.534 [main] INFO  nextflow.Nextflow - Tool                            : RSEM 1.2.21
Apr-03 10:49:56.534 [main] INFO  nextflow.Nextflow - Mode                            : Transcriptome
Apr-03 10:49:56.534 [main] INFO  nextflow.Nextflow - 
Apr-03 10:49:56.535 [main] INFO  nextflow.Nextflow - Execution information
Apr-03 10:49:56.535 [main] INFO  nextflow.Nextflow - ---------------------
Apr-03 10:49:56.535 [main] INFO  nextflow.Nextflow - Engine                          : local
Apr-03 10:49:56.535 [main] INFO  nextflow.Nextflow - Use Docker                      : false
Apr-03 10:49:56.536 [main] INFO  nextflow.Nextflow - Error strategy                  : ignore
Apr-03 10:49:56.536 [main] INFO  nextflow.Nextflow - 
Apr-03 10:49:56.675 [Actor Thread 2] INFO  nextflow.Nextflow - Dataset information
Apr-03 10:49:56.676 [Actor Thread 2] INFO  nextflow.Nextflow - -------------------
Apr-03 10:49:56.676 [Actor Thread 2] INFO  nextflow.Nextflow - Number of sequenced samples     : 1
Apr-03 10:49:56.677 [Actor Thread 2] INFO  nextflow.Nextflow - Number of sequencing runs       : 1
Apr-03 10:49:56.678 [Actor Thread 2] INFO  nextflow.Nextflow - Merging                         : none
Apr-03 10:49:56.678 [Actor Thread 2] INFO  nextflow.Nextflow - 
Apr-03 10:49:56.725 [main] INFO  nextflow.Nextflow - ===============
Apr-03 10:49:56.725 [main] INFO  nextflow.Nextflow - Output files db -> /abi/data/puranach/packages/test_grape/pipeline.db
Apr-03 10:49:56.726 [main] INFO  nextflow.Nextflow - ===============
Apr-03 10:49:56.726 [main] INFO  nextflow.Nextflow - 
Apr-03 10:49:56.746 [Actor Thread 2] DEBUG nextflow.splitter.AbstractSplitter - Creating gzip splitter for: /home/puranach/envs/grape-nf3/share/nextflow/assets/guigolab/grape-nf/data/test1_1.fastq.gz
Apr-03 10:49:56.903 [main] DEBUG nextflow.processor.ProcessFactory - << taskConfig executor: null
Apr-03 10:49:56.903 [main] DEBUG nextflow.processor.ProcessFactory - >> processorType: 'local'
Apr-03 10:49:56.912 [main] DEBUG nextflow.executor.Executor - Initializing executor: local
Apr-03 10:49:56.916 [main] INFO  nextflow.executor.Executor - [warm up] executor > local
Apr-03 10:49:56.924 [main] DEBUG n.processor.LocalPollingMonitor - Creating local task monitor for executor 'local' > cpus=32; memory=252.5 GB; capacity=32; pollInterval=100ms; dumpInterval=5m
Apr-03 10:49:56.930 [main] DEBUG nextflow.processor.TaskDispatcher - Starting monitor: LocalPollingMonitor
Apr-03 10:49:56.931 [main] DEBUG n.processor.TaskPollingMonitor - >>> barrier register (monitor: local)
Apr-03 10:49:56.934 [main] DEBUG nextflow.executor.Executor - Invoke register for executor: local
Apr-03 10:49:56.976 [main] DEBUG nextflow.Session - >>> barrier register (process: fastaIndex)
Apr-03 10:49:56.979 [main] DEBUG nextflow.processor.TaskProcessor - Creating operator > fastaIndex -- maxForks: 32
Apr-03 10:49:57.020 [main] DEBUG nextflow.processor.ProcessFactory - << taskConfig executor: null
Apr-03 10:49:57.020 [main] DEBUG nextflow.processor.ProcessFactory - >> processorType: 'local'
Apr-03 10:49:57.021 [main] DEBUG nextflow.executor.Executor - Initializing executor: local
Apr-03 10:49:57.022 [main] DEBUG nextflow.Session - >>> barrier register (process: index)
Apr-03 10:49:57.022 [main] DEBUG nextflow.processor.TaskProcessor - Creating operator > index -- maxForks: 32
Apr-03 10:49:57.043 [main] DEBUG nextflow.processor.ProcessFactory - << taskConfig executor: null
Apr-03 10:49:57.044 [main] DEBUG nextflow.processor.ProcessFactory - >> processorType: 'local'
Apr-03 10:49:57.046 [main] DEBUG nextflow.executor.Executor - Initializing executor: local
Apr-03 10:49:57.048 [main] DEBUG nextflow.Session - >>> barrier register (process: mapping)
Apr-03 10:49:57.048 [main] DEBUG nextflow.processor.TaskProcessor - Creating operator > mapping -- maxForks: 32
Apr-03 10:49:57.060 [main] DEBUG nextflow.processor.ProcessFactory - << taskConfig executor: null
Apr-03 10:49:57.060 [main] DEBUG nextflow.processor.ProcessFactory - >> processorType: 'local'
Apr-03 10:49:57.060 [main] DEBUG nextflow.executor.Executor - Initializing executor: local
Apr-03 10:49:57.061 [main] DEBUG nextflow.Session - >>> barrier register (process: t_index)
Apr-03 10:49:57.062 [main] DEBUG nextflow.processor.TaskProcessor - Creating operator > t_index -- maxForks: 32
Apr-03 10:49:57.096 [main] DEBUG nextflow.processor.ProcessFactory - << taskConfig executor: null
Apr-03 10:49:57.097 [main] DEBUG nextflow.processor.ProcessFactory - >> processorType: 'local'
Apr-03 10:49:57.097 [main] DEBUG nextflow.executor.Executor - Initializing executor: local
Apr-03 10:49:57.099 [main] DEBUG nextflow.Session - >>> barrier register (process: mergeBam)
Apr-03 10:49:57.100 [main] DEBUG nextflow.processor.TaskProcessor - Creating operator > mergeBam -- maxForks: 32
Apr-03 10:49:57.134 [main] DEBUG nextflow.processor.ProcessFactory - << taskConfig executor: null
Apr-03 10:49:57.135 [main] DEBUG nextflow.processor.ProcessFactory - >> processorType: 'local'
Apr-03 10:49:57.135 [main] DEBUG nextflow.executor.Executor - Initializing executor: local
Apr-03 10:49:57.137 [main] DEBUG nextflow.Session - >>> barrier register (process: inferExp)
Apr-03 10:49:57.138 [main] DEBUG nextflow.processor.TaskProcessor - Creating operator > inferExp -- maxForks: 32
Apr-03 10:49:57.168 [main] DEBUG nextflow.processor.ProcessFactory - << taskConfig executor: null
Apr-03 10:49:57.168 [main] DEBUG nextflow.processor.ProcessFactory - >> processorType: 'local'
Apr-03 10:49:57.169 [main] DEBUG nextflow.executor.Executor - Initializing executor: local
Apr-03 10:49:57.170 [main] DEBUG nextflow.Session - >>> barrier register (process: bigwig)
Apr-03 10:49:57.170 [main] DEBUG nextflow.processor.TaskProcessor - Creating operator > bigwig -- maxForks: 32
Apr-03 10:49:57.184 [main] DEBUG nextflow.processor.ProcessFactory - << taskConfig executor: null
Apr-03 10:49:57.184 [main] DEBUG nextflow.processor.ProcessFactory - >> processorType: 'local'
Apr-03 10:49:57.185 [main] DEBUG nextflow.executor.Executor - Initializing executor: local
Apr-03 10:49:57.187 [main] DEBUG nextflow.Session - >>> barrier register (process: contig)
Apr-03 10:49:57.188 [main] DEBUG nextflow.processor.TaskProcessor - Creating operator > contig -- maxForks: 32
Apr-03 10:49:57.197 [main] DEBUG nextflow.processor.ProcessFactory - << taskConfig executor: null
Apr-03 10:49:57.197 [main] DEBUG nextflow.processor.ProcessFactory - >> processorType: 'local'
Apr-03 10:49:57.198 [main] DEBUG nextflow.executor.Executor - Initializing executor: local
Apr-03 10:49:57.199 [main] DEBUG nextflow.Session - >>> barrier register (process: quantification)
Apr-03 10:49:57.199 [main] DEBUG nextflow.processor.TaskProcessor - Creating operator > quantification -- maxForks: 32
Apr-03 10:49:57.244 [main] DEBUG nextflow.script.ScriptRunner - > Await termination 
Apr-03 10:49:57.244 [main] DEBUG nextflow.Session - Session await
Apr-03 10:49:57.366 [Task submitter] DEBUG nextflow.executor.LocalTaskHandler - Launch cmd line: /bin/bash -ue .command.run
Apr-03 10:49:57.376 [Task submitter] INFO  nextflow.Session - [ff/84bc62] Submitted process > t_index (genome-RSEM-1.2.21)
Apr-03 10:49:57.418 [Task submitter] DEBUG nextflow.executor.LocalTaskHandler - Launch cmd line: /bin/bash -ue .command.run
Apr-03 10:49:57.419 [Task submitter] INFO  nextflow.Session - [43/52890e] Submitted process > fastaIndex (genome-SAMtools-0.1.19)
Apr-03 10:49:57.435 [Task submitter] DEBUG nextflow.executor.LocalTaskHandler - Launch cmd line: /bin/bash -ue .command.run
Apr-03 10:49:57.436 [Task submitter] INFO  nextflow.Session - [35/c35a1d] Submitted process > index (genome-STAR-2.4.0j)
Apr-03 10:49:57.731 [Task monitor] DEBUG n.processor.TaskPollingMonitor - Task completed > TaskHandler[id: 1; name: fastaIndex (genome-SAMtools-0.1.19); status: COMPLETED; exit: 0; error: -; workDir: /abi/data/puranach/packages/test_grape/work/43/52890ea27f92a37ed4a86f4dee51e7]
Apr-03 10:49:57.753 [Actor Thread 1] DEBUG nextflow.Session - <<< barrier arrive (process: fastaIndex)
Apr-03 10:49:58.397 [Task monitor] DEBUG n.processor.TaskPollingMonitor - Task completed > TaskHandler[id: 3; name: t_index (genome-RSEM-1.2.21); status: COMPLETED; exit: 0; error: -; workDir: /abi/data/puranach/packages/test_grape/work/ff/84bc62569ffc0636533b25c86c553e]
Apr-03 10:49:58.401 [Actor Thread 1] DEBUG nextflow.Session - <<< barrier arrive (process: t_index)
Apr-03 10:50:27.663 [Task monitor] DEBUG n.processor.TaskPollingMonitor - Task completed > TaskHandler[id: 2; name: index (genome-STAR-2.4.0j); status: COMPLETED; exit: 0; error: -; workDir: /abi/data/puranach/packages/test_grape/work/35/c35a1d92209c30a5a8ecf664d069f3]
Apr-03 10:50:27.667 [Actor Thread 9] DEBUG nextflow.Session - <<< barrier arrive (process: index)
Apr-03 10:50:27.790 [Task submitter] DEBUG nextflow.executor.LocalTaskHandler - Launch cmd line: /bin/bash -ue .command.run
Apr-03 10:50:27.791 [Task submitter] INFO  nextflow.Session - [2d/31dbd1] Submitted process > mapping (test1-STAR-2.4.0j)
Apr-03 10:50:31.076 [Task monitor] DEBUG n.processor.TaskPollingMonitor - Task completed > TaskHandler[id: 4; name: mapping (test1-STAR-2.4.0j); status: COMPLETED; exit: 0; error: -; workDir: /abi/data/puranach/packages/test_grape/work/2d/31dbd119628d69d04b2ccfe994b9f3]
Apr-03 10:50:31.102 [Actor Thread 9] DEBUG nextflow.Session - <<< barrier arrive (process: mapping)
Apr-03 10:50:31.117 [Actor Thread 12] DEBUG nextflow.Session - <<< barrier arrive (process: mergeBam)
Apr-03 10:50:31.168 [Task submitter] DEBUG nextflow.executor.LocalTaskHandler - Launch cmd line: /bin/bash -ue .command.run
Apr-03 10:50:31.169 [Task submitter] INFO  nextflow.Session - [e8/bb881f] Submitted process > inferExp (test1-RSeQC-2.3.9)
Apr-03 10:50:32.653 [Task monitor] DEBUG n.processor.TaskPollingMonitor - Task completed > TaskHandler[id: 5; name: inferExp (test1-RSeQC-2.3.9); status: COMPLETED; exit: 0; error: -; workDir: /abi/data/puranach/packages/test_grape/work/e8/bb881f5aaf94555733ead1e727a2dc]
Apr-03 10:50:32.660 [Actor Thread 9] DEBUG nextflow.Session - <<< barrier arrive (process: inferExp)
Apr-03 10:50:32.933 [Task submitter] DEBUG nextflow.executor.LocalTaskHandler - Launch cmd line: /bin/bash -ue .command.run
Apr-03 10:50:32.934 [Task submitter] INFO  nextflow.Session - [d2/326462] Submitted process > contig (test1-RGCRG-0.1)
Apr-03 10:50:32.948 [Task submitter] DEBUG nextflow.executor.LocalTaskHandler - Launch cmd line: /bin/bash -ue .command.run
Apr-03 10:50:32.949 [Task submitter] INFO  nextflow.Session - [6a/610098] Submitted process > quantification (test1-RSEM-1.2.21)
Apr-03 10:50:32.962 [Task submitter] DEBUG nextflow.executor.LocalTaskHandler - Launch cmd line: /bin/bash -ue .command.run
Apr-03 10:50:32.962 [Task submitter] INFO  nextflow.Session - [c3/79ea1a] Submitted process > bigwig (test1-STAR-2.4.0j)
Apr-03 10:50:33.587 [Task monitor] DEBUG n.processor.TaskPollingMonitor - Task completed > TaskHandler[id: 8; name: bigwig (test1-STAR-2.4.0j); status: COMPLETED; exit: 0; error: -; workDir: /abi/data/puranach/packages/test_grape/work/c3/79ea1a583fb471e2487a915a2f2abf]
Apr-03 10:50:33.595 [Actor Thread 12] DEBUG nextflow.Session - <<< barrier arrive (process: bigwig)
Apr-03 10:50:34.088 [Task monitor] DEBUG n.processor.TaskPollingMonitor - Task completed > TaskHandler[id: 7; name: contig (test1-RGCRG-0.1); status: COMPLETED; exit: 0; error: -; workDir: /abi/data/puranach/packages/test_grape/work/d2/32646217fb8d4c4dc76333554d196a]
Apr-03 10:50:34.094 [Actor Thread 12] DEBUG nextflow.Session - <<< barrier arrive (process: contig)
Apr-03 10:50:52.504 [Task monitor] DEBUG n.processor.TaskPollingMonitor - Task completed > TaskHandler[id: 6; name: quantification (test1-RSEM-1.2.21); status: COMPLETED; exit: 0; error: -; workDir: /abi/data/puranach/packages/test_grape/work/6a/610098688a9ccccdf11f2ded8a81d6]
Apr-03 10:50:52.515 [Actor Thread 12] DEBUG nextflow.Session - <<< barrier arrive (process: quantification)
Apr-03 10:50:52.516 [main] DEBUG nextflow.Session - Session await > all process finished
Apr-03 10:50:52.517 [Task monitor] DEBUG n.processor.TaskPollingMonitor - <<< barrier arrives (monitor: local)
Apr-03 10:50:52.517 [main] DEBUG nextflow.Session - Session await > all barriers passed
Apr-03 10:50:52.564 [Actor Thread 20] DEBUG nextflow.sort.BigSort - Sort completed -- entries: 9; slices: 1; internal sort time: 0.026 s; external sort time: 0.009 s; total time: 0.035 s
Apr-03 10:50:52.578 [Actor Thread 20] DEBUG nextflow.file.FileCollector - Saved collect-files list to: /tmp/ed854513b04f5b3f150de53b890f832c.collect-file
Apr-03 10:50:52.579 [Actor Thread 19] INFO  nextflow.Nextflow - 
Apr-03 10:50:52.580 [Actor Thread 19] INFO  nextflow.Nextflow - -----------------------
Apr-03 10:50:52.580 [Actor Thread 19] INFO  nextflow.Nextflow - Pipeline run completed.
Apr-03 10:50:52.580 [Actor Thread 19] INFO  nextflow.Nextflow - -----------------------
Apr-03 10:50:52.595 [Actor Thread 20] DEBUG nextflow.file.FileCollector - Deleting file collector temp dir: /tmp/nxf-4989737102295158372
Apr-03 10:50:52.608 [main] DEBUG nextflow.trace.StatsObserver - Workflow completed > WorkflowStats[succeedCount=8; failedCount=0; ignoredCount=0; cachedCount=0; succeedDuration=55.9s; failedDuration=0ms; cachedDuration=0ms]
Apr-03 10:50:52.609 [main] DEBUG nextflow.trace.TraceFileObserver - Flow completing -- flushing trace file
Apr-03 10:50:52.630 [main] DEBUG nextflow.CacheDB - Closing CacheDB done
Apr-03 10:50:52.650 [main] DEBUG nextflow.script.ScriptRunner - > Execution complete -- Goodbye
