Mar-26 16:08:07.179 [main] DEBUG nextflow.cli.Launcher - Setting http proxy: [tbi-pbs, 3128]
Mar-26 16:08:07.257 [main] DEBUG nextflow.cli.Launcher - Setting https proxy: [tbi-pbs, 3128]
Mar-26 16:08:07.257 [main] DEBUG nextflow.cli.Launcher - $> /home/puranach/envs/grape-nf3/bin/nextflow run -without-docker -w work grape-nf --index /home/puranach/envs/grape-nf3/share/nextflow/assets/guigolab/grape-nf/test-index.txt --genome /home/puranach/envs/grape-nf3/share/nextflow/assets/guigolab/grape-nf/data/genome.fa --annotation /home/puranach/envs/grape-nf3/share/nextflow/assets/guigolab/grape-nf/data/annotation.gtf
Mar-26 16:08:07.331 [main] INFO  nextflow.cli.CmdRun - N E X T F L O W  ~  version 0.28.0
Mar-26 16:08:07.482 [main] DEBUG nextflow.scm.AssetManager - Listing projects in folder: /home/puranach/envs/grape-nf3/share/nextflow/assets
Mar-26 16:08:08.055 [main] DEBUG nextflow.scm.AssetManager - Git config: /home/puranach/envs/grape-nf3/share/nextflow/assets/guigolab/grape-nf/.git/config; branch: master; remote: origin; url: https://github.com/guigolab/grape-nf.git
Mar-26 16:08:08.228 [main] DEBUG nextflow.scm.AssetManager - Git config: /home/puranach/envs/grape-nf3/share/nextflow/assets/guigolab/grape-nf/.git/config; branch: master; remote: origin; url: https://github.com/guigolab/grape-nf.git
Mar-26 16:08:08.775 [main] DEBUG nextflow.scm.AssetManager - Git config: /home/puranach/envs/grape-nf3/share/nextflow/assets/guigolab/grape-nf/.git/config; branch: master; remote: origin; url: https://github.com/guigolab/grape-nf.git
Mar-26 16:08:08.776 [main] INFO  nextflow.cli.CmdRun - Launching `guigolab/grape-nf` [elated_shockley] - revision: 75ffd8da0a [master]
Mar-26 16:08:10.294 [main] DEBUG nextflow.config.ConfigBuilder - Found config base: /home/puranach/envs/grape-nf3/share/nextflow/assets/guigolab/grape-nf/nextflow.config
Mar-26 16:08:10.299 [main] DEBUG nextflow.config.ConfigBuilder - Parsing config file: /home/puranach/envs/grape-nf3/share/nextflow/assets/guigolab/grape-nf/nextflow.config
Mar-26 16:08:10.313 [main] DEBUG nextflow.config.ConfigBuilder - Applying config profile: `standard`
Mar-26 16:08:10.875 [main] DEBUG nextflow.config.ConfigBuilder - Disabling execution in Docker contained as requested by cli option `-without-docker`
Mar-26 16:08:10.910 [main] DEBUG nextflow.Session - Session uuid: 46c2f337-1037-43e1-ab9b-eccc92cef744
Mar-26 16:08:10.910 [main] DEBUG nextflow.Session - Run name: elated_shockley
Mar-26 16:08:10.911 [main] DEBUG nextflow.Session - Executor pool size: 32
Mar-26 16:08:10.934 [main] DEBUG nextflow.cli.CmdRun - 
  Version: 0.28.0 build 4779
  Modified: 10-03-2018 12:13 UTC (13:13 CEST)
  System: Linux 3.12.62-55-default
  Runtime: Groovy 2.4.13 on Java HotSpot(TM) 64-Bit Server VM 1.8.0_161-b12
  Encoding: UTF-8 (UTF-8)
  Process: 10235@tbi-worker [193.174.51.240]
  CPUs: 32 - Mem: 252.5 GB (2 GB) - Swap: 32 GB (8.1 GB)
Mar-26 16:08:10.977 [main] DEBUG nextflow.Session - Work-dir: /abi/data/puranach/packages/test_grapenf3/work/work [nfs]
Mar-26 16:08:11.232 [main] DEBUG nextflow.Session - Session start invoked
Mar-26 16:08:11.238 [main] DEBUG nextflow.processor.TaskDispatcher - Dispatcher > start
Mar-26 16:08:11.239 [main] DEBUG nextflow.trace.TraceFileObserver - Flow starting -- trace file: /abi/data/puranach/packages/test_grapenf3/work/trace.txt
Mar-26 16:08:11.245 [main] DEBUG nextflow.script.ScriptRunner - > Script parsing
Mar-26 16:08:11.296 [main] DEBUG nextflow.script.ScriptRunner - Unable to resolve dynamic `container` directive -- cause: No signature of method: groovy.util.ConfigObject.toLowerCase() is applicable for argument types: () values: []
Mar-26 16:08:11.301 [main] DEBUG nextflow.script.ScriptRunner - Unable to resolve dynamic `container` directive -- cause: No signature of method: groovy.util.ConfigObject.toLowerCase() is applicable for argument types: () values: []
Mar-26 16:08:11.306 [main] DEBUG nextflow.script.ScriptRunner - Unable to resolve dynamic `container` directive -- cause: No signature of method: groovy.util.ConfigObject.toLowerCase() is applicable for argument types: () values: []
Mar-26 16:08:11.311 [main] DEBUG nextflow.script.ScriptRunner - Unable to resolve dynamic `container` directive -- cause: No signature of method: groovy.util.ConfigObject.toLowerCase() is applicable for argument types: () values: []
Mar-26 16:08:11.860 [main] DEBUG nextflow.script.ScriptRunner - > Launching execution
Mar-26 16:08:11.894 [main] INFO  nextflow.Nextflow - 
Mar-26 16:08:11.895 [main] INFO  nextflow.Nextflow - G R A P E ~ RNA-seq Pipeline
Mar-26 16:08:11.895 [main] INFO  nextflow.Nextflow - 
Mar-26 16:08:11.895 [main] INFO  nextflow.Nextflow - General parameters
Mar-26 16:08:11.895 [main] INFO  nextflow.Nextflow - ------------------
Mar-26 16:08:11.896 [main] INFO  nextflow.Nextflow - Index file                      : /home/puranach/envs/grape-nf3/share/nextflow/assets/guigolab/grape-nf/test-index.txt
Mar-26 16:08:11.896 [main] INFO  nextflow.Nextflow - Genome                          : /home/puranach/envs/grape-nf3/share/nextflow/assets/guigolab/grape-nf/data/genome.fa
Mar-26 16:08:11.896 [main] INFO  nextflow.Nextflow - Annotation                      : /home/puranach/envs/grape-nf3/share/nextflow/assets/guigolab/grape-nf/data/annotation.gtf
Mar-26 16:08:11.896 [main] INFO  nextflow.Nextflow - Pipeline steps                  : mapping bigwig contig quantification
Mar-26 16:08:11.896 [main] INFO  nextflow.Nextflow - 
Mar-26 16:08:11.896 [main] INFO  nextflow.Nextflow - Mapping parameters
Mar-26 16:08:11.897 [main] INFO  nextflow.Nextflow - ------------------
Mar-26 16:08:11.897 [main] INFO  nextflow.Nextflow - Tool                            : STAR 2.4.0j
Mar-26 16:08:11.897 [main] INFO  nextflow.Nextflow - Max mismatches                  : 4
Mar-26 16:08:11.897 [main] INFO  nextflow.Nextflow - Max multimaps                   : 10
Mar-26 16:08:11.897 [main] INFO  nextflow.Nextflow - 
Mar-26 16:08:11.898 [main] INFO  nextflow.Nextflow - Bigwig parameters
Mar-26 16:08:11.898 [main] INFO  nextflow.Nextflow - -----------------
Mar-26 16:08:11.898 [main] INFO  nextflow.Nextflow - Tool                            : STAR 2.4.0j
Mar-26 16:08:11.898 [main] INFO  nextflow.Nextflow - References prefix               : chr
Mar-26 16:08:11.898 [main] INFO  nextflow.Nextflow - 
Mar-26 16:08:11.899 [main] INFO  nextflow.Nextflow - Quantification parameters
Mar-26 16:08:11.899 [main] INFO  nextflow.Nextflow - -------------------------
Mar-26 16:08:11.899 [main] INFO  nextflow.Nextflow - Tool                            : RSEM 1.2.21
Mar-26 16:08:11.900 [main] INFO  nextflow.Nextflow - Mode                            : Transcriptome
Mar-26 16:08:11.900 [main] INFO  nextflow.Nextflow - 
Mar-26 16:08:11.901 [main] INFO  nextflow.Nextflow - Execution information
Mar-26 16:08:11.901 [main] INFO  nextflow.Nextflow - ---------------------
Mar-26 16:08:11.901 [main] INFO  nextflow.Nextflow - Engine                          : local
Mar-26 16:08:11.901 [main] INFO  nextflow.Nextflow - Use Docker                      : false
Mar-26 16:08:11.901 [main] INFO  nextflow.Nextflow - Error strategy                  : ignore
Mar-26 16:08:11.901 [main] INFO  nextflow.Nextflow - 
Mar-26 16:08:12.050 [Actor Thread 2] INFO  nextflow.Nextflow - Dataset information
Mar-26 16:08:12.051 [Actor Thread 2] INFO  nextflow.Nextflow - -------------------
Mar-26 16:08:12.051 [Actor Thread 2] INFO  nextflow.Nextflow - Number of sequenced samples     : 1
Mar-26 16:08:12.052 [Actor Thread 2] INFO  nextflow.Nextflow - Number of sequencing runs       : 1
Mar-26 16:08:12.052 [Actor Thread 2] INFO  nextflow.Nextflow - Merging                         : none
Mar-26 16:08:12.053 [Actor Thread 2] INFO  nextflow.Nextflow - 
Mar-26 16:08:12.089 [main] INFO  nextflow.Nextflow - ===============
Mar-26 16:08:12.090 [main] INFO  nextflow.Nextflow - Output files db -> /abi/data/puranach/packages/test_grapenf3/work/pipeline.db
Mar-26 16:08:12.090 [main] INFO  nextflow.Nextflow - ===============
Mar-26 16:08:12.090 [main] INFO  nextflow.Nextflow - 
Mar-26 16:08:12.110 [Actor Thread 2] DEBUG nextflow.splitter.AbstractSplitter - Creating gzip splitter for: /home/puranach/envs/grape-nf3/share/nextflow/assets/guigolab/grape-nf/data/test1_1.fastq.gz
Mar-26 16:08:12.243 [main] DEBUG nextflow.processor.ProcessFactory - << taskConfig executor: null
Mar-26 16:08:12.244 [main] DEBUG nextflow.processor.ProcessFactory - >> processorType: 'local'
Mar-26 16:08:12.253 [main] DEBUG nextflow.executor.Executor - Initializing executor: local
Mar-26 16:08:12.256 [main] INFO  nextflow.executor.Executor - [warm up] executor > local
Mar-26 16:08:12.262 [main] DEBUG n.processor.LocalPollingMonitor - Creating local task monitor for executor 'local' > cpus=32; memory=252.5 GB; capacity=32; pollInterval=100ms; dumpInterval=5m
Mar-26 16:08:12.268 [main] DEBUG nextflow.processor.TaskDispatcher - Starting monitor: LocalPollingMonitor
Mar-26 16:08:12.269 [main] DEBUG n.processor.TaskPollingMonitor - >>> barrier register (monitor: local)
Mar-26 16:08:12.272 [main] DEBUG nextflow.executor.Executor - Invoke register for executor: local
Mar-26 16:08:12.310 [main] DEBUG nextflow.Session - >>> barrier register (process: fastaIndex)
Mar-26 16:08:12.313 [main] DEBUG nextflow.processor.TaskProcessor - Creating operator > fastaIndex -- maxForks: 32
Mar-26 16:08:12.348 [main] DEBUG nextflow.processor.ProcessFactory - << taskConfig executor: null
Mar-26 16:08:12.349 [main] DEBUG nextflow.processor.ProcessFactory - >> processorType: 'local'
Mar-26 16:08:12.349 [main] DEBUG nextflow.executor.Executor - Initializing executor: local
Mar-26 16:08:12.350 [main] DEBUG nextflow.Session - >>> barrier register (process: index)
Mar-26 16:08:12.350 [main] DEBUG nextflow.processor.TaskProcessor - Creating operator > index -- maxForks: 32
Mar-26 16:08:12.368 [main] DEBUG nextflow.processor.ProcessFactory - << taskConfig executor: null
Mar-26 16:08:12.368 [main] DEBUG nextflow.processor.ProcessFactory - >> processorType: 'local'
Mar-26 16:08:12.369 [main] DEBUG nextflow.executor.Executor - Initializing executor: local
Mar-26 16:08:12.370 [main] DEBUG nextflow.Session - >>> barrier register (process: mapping)
Mar-26 16:08:12.370 [main] DEBUG nextflow.processor.TaskProcessor - Creating operator > mapping -- maxForks: 32
Mar-26 16:08:12.381 [main] DEBUG nextflow.processor.ProcessFactory - << taskConfig executor: null
Mar-26 16:08:12.382 [main] DEBUG nextflow.processor.ProcessFactory - >> processorType: 'local'
Mar-26 16:08:12.382 [main] DEBUG nextflow.executor.Executor - Initializing executor: local
Mar-26 16:08:12.383 [main] DEBUG nextflow.Session - >>> barrier register (process: t_index)
Mar-26 16:08:12.384 [main] DEBUG nextflow.processor.TaskProcessor - Creating operator > t_index -- maxForks: 32
Mar-26 16:08:12.415 [main] DEBUG nextflow.processor.ProcessFactory - << taskConfig executor: null
Mar-26 16:08:12.416 [main] DEBUG nextflow.processor.ProcessFactory - >> processorType: 'local'
Mar-26 16:08:12.416 [main] DEBUG nextflow.executor.Executor - Initializing executor: local
Mar-26 16:08:12.419 [main] DEBUG nextflow.Session - >>> barrier register (process: mergeBam)
Mar-26 16:08:12.420 [main] DEBUG nextflow.processor.TaskProcessor - Creating operator > mergeBam -- maxForks: 32
Mar-26 16:08:12.452 [main] DEBUG nextflow.processor.ProcessFactory - << taskConfig executor: null
Mar-26 16:08:12.452 [main] DEBUG nextflow.processor.ProcessFactory - >> processorType: 'local'
Mar-26 16:08:12.452 [main] DEBUG nextflow.executor.Executor - Initializing executor: local
Mar-26 16:08:12.454 [main] DEBUG nextflow.Session - >>> barrier register (process: inferExp)
Mar-26 16:08:12.455 [main] DEBUG nextflow.processor.TaskProcessor - Creating operator > inferExp -- maxForks: 32
Mar-26 16:08:12.478 [main] DEBUG nextflow.processor.ProcessFactory - << taskConfig executor: null
Mar-26 16:08:12.478 [main] DEBUG nextflow.processor.ProcessFactory - >> processorType: 'local'
Mar-26 16:08:12.479 [main] DEBUG nextflow.executor.Executor - Initializing executor: local
Mar-26 16:08:12.480 [main] DEBUG nextflow.Session - >>> barrier register (process: bigwig)
Mar-26 16:08:12.480 [main] DEBUG nextflow.processor.TaskProcessor - Creating operator > bigwig -- maxForks: 32
Mar-26 16:08:12.491 [main] DEBUG nextflow.processor.ProcessFactory - << taskConfig executor: null
Mar-26 16:08:12.491 [main] DEBUG nextflow.processor.ProcessFactory - >> processorType: 'local'
Mar-26 16:08:12.491 [main] DEBUG nextflow.executor.Executor - Initializing executor: local
Mar-26 16:08:12.493 [main] DEBUG nextflow.Session - >>> barrier register (process: contig)
Mar-26 16:08:12.493 [main] DEBUG nextflow.processor.TaskProcessor - Creating operator > contig -- maxForks: 32
Mar-26 16:08:12.501 [main] DEBUG nextflow.processor.ProcessFactory - << taskConfig executor: null
Mar-26 16:08:12.501 [main] DEBUG nextflow.processor.ProcessFactory - >> processorType: 'local'
Mar-26 16:08:12.501 [main] DEBUG nextflow.executor.Executor - Initializing executor: local
Mar-26 16:08:12.502 [main] DEBUG nextflow.Session - >>> barrier register (process: quantification)
Mar-26 16:08:12.502 [main] DEBUG nextflow.processor.TaskProcessor - Creating operator > quantification -- maxForks: 32
Mar-26 16:08:12.530 [main] DEBUG nextflow.script.ScriptRunner - > Await termination 
Mar-26 16:08:12.530 [main] DEBUG nextflow.Session - Session await
Mar-26 16:08:12.667 [Task submitter] DEBUG nextflow.executor.LocalTaskHandler - Launch cmd line: /bin/bash -ue .command.run
Mar-26 16:08:12.678 [Task submitter] INFO  nextflow.Session - [e9/cac669] Submitted process > t_index (genome-RSEM-1.2.21)
Mar-26 16:08:12.716 [Task submitter] DEBUG nextflow.executor.LocalTaskHandler - Launch cmd line: /bin/bash -ue .command.run
Mar-26 16:08:12.717 [Task submitter] INFO  nextflow.Session - [06/36c5e2] Submitted process > fastaIndex (genome-SAMtools-0.1.19)
Mar-26 16:08:12.735 [Task submitter] DEBUG nextflow.executor.LocalTaskHandler - Launch cmd line: /bin/bash -ue .command.run
Mar-26 16:08:12.735 [Task submitter] INFO  nextflow.Session - [e1/9581fc] Submitted process > index (genome-STAR-2.4.0j)
Mar-26 16:08:12.960 [Task monitor] DEBUG n.processor.TaskPollingMonitor - Task completed > TaskHandler[id: 1; name: fastaIndex (genome-SAMtools-0.1.19); status: COMPLETED; exit: 0; error: -; workDir: /abi/data/puranach/packages/test_grapenf3/work/work/06/36c5e2dcd1bc7c27b37c7af83a506a]
Mar-26 16:08:12.983 [Actor Thread 1] DEBUG nextflow.Session - <<< barrier arrive (process: fastaIndex)
Mar-26 16:08:13.425 [Task monitor] DEBUG n.processor.TaskPollingMonitor - Task completed > TaskHandler[id: 3; name: t_index (genome-RSEM-1.2.21); status: COMPLETED; exit: 0; error: -; workDir: /abi/data/puranach/packages/test_grapenf3/work/work/e9/cac6692d2b5ee26fcbe4b4fbd6d988]
Mar-26 16:08:13.428 [Actor Thread 1] DEBUG nextflow.Session - <<< barrier arrive (process: t_index)
Mar-26 16:08:41.110 [Task monitor] DEBUG n.processor.TaskPollingMonitor - Task completed > TaskHandler[id: 2; name: index (genome-STAR-2.4.0j); status: COMPLETED; exit: 0; error: -; workDir: /abi/data/puranach/packages/test_grapenf3/work/work/e1/9581fc620204a77fb59bd4bc03cd5f]
Mar-26 16:08:41.115 [Actor Thread 1] DEBUG nextflow.Session - <<< barrier arrive (process: index)
Mar-26 16:08:41.234 [Task submitter] DEBUG nextflow.executor.LocalTaskHandler - Launch cmd line: /bin/bash -ue .command.run
Mar-26 16:08:41.235 [Task submitter] INFO  nextflow.Session - [a8/121b6c] Submitted process > mapping (test1-STAR-2.4.0j)
Mar-26 16:08:44.958 [Task monitor] DEBUG n.processor.TaskPollingMonitor - Task completed > TaskHandler[id: 4; name: mapping (test1-STAR-2.4.0j); status: COMPLETED; exit: 0; error: -; workDir: /abi/data/puranach/packages/test_grapenf3/work/work/a8/121b6c7c3a726ff0ee2a79a691d5be]
Mar-26 16:08:44.982 [Actor Thread 1] DEBUG nextflow.Session - <<< barrier arrive (process: mapping)
Mar-26 16:08:44.996 [Actor Thread 14] DEBUG nextflow.Session - <<< barrier arrive (process: mergeBam)
Mar-26 16:08:45.044 [Task submitter] DEBUG nextflow.executor.LocalTaskHandler - Launch cmd line: /bin/bash -ue .command.run
Mar-26 16:08:45.045 [Task submitter] INFO  nextflow.Session - [5a/a1bbbf] Submitted process > inferExp (test1-RSeQC-2.3.9)
Mar-26 16:08:46.117 [Task monitor] DEBUG n.processor.TaskPollingMonitor - Task completed > TaskHandler[id: 5; name: inferExp (test1-RSeQC-2.3.9); status: COMPLETED; exit: 0; error: -; workDir: /abi/data/puranach/packages/test_grapenf3/work/work/5a/a1bbbf83e2ab1de084f799424f448d]
Mar-26 16:08:46.125 [Actor Thread 1] DEBUG nextflow.Session - <<< barrier arrive (process: inferExp)
Mar-26 16:08:46.409 [Task submitter] DEBUG nextflow.executor.LocalTaskHandler - Launch cmd line: /bin/bash -ue .command.run
Mar-26 16:08:46.411 [Task submitter] INFO  nextflow.Session - [da/9211ae] Submitted process > quantification (test1-RSEM-1.2.21)
Mar-26 16:08:46.428 [Task submitter] DEBUG nextflow.executor.LocalTaskHandler - Launch cmd line: /bin/bash -ue .command.run
Mar-26 16:08:46.429 [Task submitter] INFO  nextflow.Session - [c1/f6ef78] Submitted process > contig (test1-RGCRG-0.1)
Mar-26 16:08:46.445 [Task submitter] DEBUG nextflow.executor.LocalTaskHandler - Launch cmd line: /bin/bash -ue .command.run
Mar-26 16:08:46.446 [Task submitter] INFO  nextflow.Session - [ad/88023d] Submitted process > bigwig (test1-STAR-2.4.0j)
Mar-26 16:08:46.943 [Task monitor] DEBUG n.processor.TaskPollingMonitor - Task completed > TaskHandler[id: 8; name: bigwig (test1-STAR-2.4.0j); status: COMPLETED; exit: 0; error: -; workDir: /abi/data/puranach/packages/test_grapenf3/work/work/ad/88023da110249c9dbc476b4c1ce9d2]
Mar-26 16:08:46.952 [Actor Thread 16] DEBUG nextflow.Session - <<< barrier arrive (process: bigwig)
Mar-26 16:08:47.558 [Task monitor] DEBUG n.processor.TaskPollingMonitor - Task completed > TaskHandler[id: 7; name: contig (test1-RGCRG-0.1); status: COMPLETED; exit: 0; error: -; workDir: /abi/data/puranach/packages/test_grapenf3/work/work/c1/f6ef78982f8b245754a75e26241276]
Mar-26 16:08:47.564 [Actor Thread 16] DEBUG nextflow.Session - <<< barrier arrive (process: contig)
Mar-26 16:08:58.444 [Task monitor] DEBUG n.processor.TaskPollingMonitor - Task completed > TaskHandler[id: 6; name: quantification (test1-RSEM-1.2.21); status: COMPLETED; exit: 127; error: -; workDir: /abi/data/puranach/packages/test_grapenf3/work/work/da/9211ae1d487a87fe0d2931ccbfd8e8]
Mar-26 16:08:58.453 [Task monitor] INFO  nextflow.processor.TaskProcessor - [da/9211ae] NOTE: Process `quantification (test1-RSEM-1.2.21)` terminated with an error exit status (127) -- Error is ignored
Mar-26 16:08:58.454 [Actor Thread 16] DEBUG nextflow.Session - <<< barrier arrive (process: quantification)
Mar-26 16:08:58.455 [main] DEBUG nextflow.Session - Session await > all process finished
Mar-26 16:08:58.493 [Actor Thread 19] DEBUG nextflow.sort.BigSort - Sort completed -- entries: 7; slices: 1; internal sort time: 0.022 s; external sort time: 0.007 s; total time: 0.029 s
Mar-26 16:08:58.506 [Actor Thread 19] DEBUG nextflow.file.FileCollector - Saved collect-files list to: /tmp/a34e994c3ab8f3dcc565748dd7d621d4.collect-file
Mar-26 16:08:58.508 [Actor Thread 21] INFO  nextflow.Nextflow - 
Mar-26 16:08:58.508 [Actor Thread 21] INFO  nextflow.Nextflow - -----------------------
Mar-26 16:08:58.508 [Actor Thread 21] INFO  nextflow.Nextflow - Pipeline run completed.
Mar-26 16:08:58.509 [Actor Thread 21] INFO  nextflow.Nextflow - -----------------------
Mar-26 16:08:58.524 [Actor Thread 19] DEBUG nextflow.file.FileCollector - Deleting file collector temp dir: /tmp/nxf-2397659026451994705
Mar-26 16:08:58.542 [Task monitor] DEBUG n.processor.TaskPollingMonitor - <<< barrier arrives (monitor: local)
Mar-26 16:08:58.543 [main] DEBUG nextflow.Session - Session await > all barriers passed
Mar-26 16:08:58.556 [main] DEBUG nextflow.trace.StatsObserver - Workflow completed > WorkflowStats[succeedCount=7; failedCount=0; ignoredCount=1; cachedCount=0; succeedDuration=33.9s; failedDuration=11.9s; cachedDuration=0ms]
Mar-26 16:08:58.556 [main] DEBUG nextflow.trace.TraceFileObserver - Flow completing -- flushing trace file
Mar-26 16:08:58.571 [main] DEBUG nextflow.CacheDB - Closing CacheDB done
Mar-26 16:08:58.589 [main] DEBUG nextflow.script.ScriptRunner - > Execution complete -- Goodbye
